<?xml version="1.0" encoding="UTF-8"?>
<testsuite name="edu.bsu.cs.model.ResponseParserTest" tests="2" skipped="0" failures="0" errors="0" timestamp="2021-04-24T12:01:08" hostname="LAPTOP-0B6P3BCB" time="0.195">
  <properties/>
  <testcase name="[1] missing.json, 0" classname="edu.bsu.cs.model.ResponseParserTest" time="0.163"/>
  <testcase name="[2] soup.json, 4" classname="edu.bsu.cs.model.ResponseParserTest" time="0.024"/>
  <system-out><![CDATA[]]></system-out>
  <system-err><![CDATA[]]></system-err>
</testsuite>
