<?xml version="1.0" encoding="UTF-8"?>
<testsuite name="edu.bsu.cs.model.RevisionTest" tests="1" skipped="0" failures="0" errors="0" timestamp="2021-04-24T12:01:08" hostname="LAPTOP-0B6P3BCB" time="0.005">
  <properties/>
  <testcase name="testEquals()" classname="edu.bsu.cs.model.RevisionTest" time="0.005"/>
  <system-out><![CDATA[]]></system-out>
  <system-err><![CDATA[]]></system-err>
</testsuite>
